<?xml version="1.0" encoding="UTF-8" ?>
<testsuite failures="1" time="4.116" errors="0" skipped="0" tests="1" name="infoq.camel.IntegrationTest">
  <properties>
[...]
</properties>
  <testcase time="3.932" classname="infoq.camel.IntegrationTest" name="testFileToFile">
    <failure message="expected:&lt;HARRY POTTER AND THE DEATHLY HOLLOWS / DVD&gt; but was:&lt;null&gt;" type="java.lang.AssertionError">java.lang.AssertionError: expected:&lt;HARRY POTTER AND THE DEATHLY HOLLOWS / DVD&gt; but was:&lt;null&gt;
	at org.junit.Assert.fail(Assert.java:91)
	at org.junit.Assert.failNotEquals(Assert.java:645)
	at org.junit.Assert.assertEquals(Assert.java:126)
	at org.junit.Assert.assertEquals(Assert.java:145)
	at infoq.camel.IntegrationTest.testFileToFile(IntegrationTest.java:52)
	at sun.reflect.NativeMethodAccessorImpl.invoke0(Native Method)
	at sun.reflect.NativeMethodAccessorImpl.invoke(NativeMethodAccessorImpl.java:39)
	at sun.reflect.DelegatingMethodAccessorImpl.invoke(DelegatingMethodAccessorImpl.java:25)
	at java.lang.reflect.Method.invoke(Method.java:597)
	at org.junit.runners.model.FrameworkMethod$1.runReflectiveCall(FrameworkMethod.java:44)
	at org.junit.internal.runners.model.ReflectiveCallable.run(ReflectiveCallable.java:15)
	at org.junit.runners.model.FrameworkMethod.invokeExplosively(FrameworkMethod.java:41)
	at org.junit.internal.runners.statements.InvokeMethod.evaluate(InvokeMethod.java:20)
	at org.junit.internal.runners.statements.RunBefores.evaluate(RunBefores.java:28)
	at org.junit.internal.runners.statements.RunAfters.evaluate(RunAfters.java:31)
	at org.junit.rules.TestWatchman$1.evaluate(TestWatchman.java:48)
	at org.junit.runners.BlockJUnit4ClassRunner.runChild(BlockJUnit4ClassRunner.java:76)
	at org.junit.runners.BlockJUnit4ClassRunner.runChild(BlockJUnit4ClassRunner.java:50)
	at org.junit.runners.ParentRunner$3.run(ParentRunner.java:193)
	at org.junit.runners.ParentRunner$1.schedule(ParentRunner.java:52)
	at org.junit.runners.ParentRunner.runChildren(ParentRunner.java:191)
	at org.junit.runners.ParentRunner.access$000(ParentRunner.java:42)
	at org.junit.runners.ParentRunner$2.evaluate(ParentRunner.java:184)
	at org.junit.internal.runners.statements.RunAfters.evaluate(RunAfters.java:31)
	at org.junit.runners.ParentRunner.run(ParentRunner.java:236)
	at org.apache.maven.surefire.junit4.JUnit4TestSet.execute(JUnit4TestSet.java:35)
	at org.apache.maven.surefire.junit4.JUnit4Provider.executeTestSet(JUnit4Provider.java:115)
	at org.apache.maven.surefire.junit4.JUnit4Provider.invoke(JUnit4Provider.java:97)
	at sun.reflect.NativeMethodAccessorImpl.invoke0(Native Method)
	at sun.reflect.NativeMethodAccessorImpl.invoke(NativeMethodAccessorImpl.java:39)
	at sun.reflect.DelegatingMethodAccessorImpl.invoke(DelegatingMethodAccessorImpl.java:25)
	at java.lang.reflect.Method.invoke(Method.java:597)
	at org.apache.maven.surefire.booter.ProviderFactory$ClassLoaderProxy.invoke(ProviderFactory.java:103)
	at $Proxy0.invoke(Unknown Source)
	at org.apache.maven.surefire.booter.SurefireStarter.invokeProvider(SurefireStarter.java:150)
	at org.apache.maven.surefire.booter.SurefireStarter.runSuitesInProcess(SurefireStarter.java:91)
	at org.apache.maven.surefire.booter.ForkedBooter.main(ForkedBooter.java:69)
</failure>
    <system-out>@HL
@HL-------------------------------------------------------
@HL T E S T S
@HL-------------------------------------------------------
@SLRunning infoq.camel.IntegrationTest
[                          main] IntegrationTest                INFO  ********************************************************************************
[                          main] IntegrationTest                INFO  Testing: testFileToFile(infoq.camel.IntegrationTest)
[                          main] IntegrationTest                INFO  ********************************************************************************
[                          main] DefaultCamelContext            INFO  Apache Camel 2.9.0 (CamelContext: camel-1) is starting
[                          main] ManagementStrategyFactory      INFO  JMX is disabled. Using DefaultManagementStrategy.
[                          main] AnnotationTypeConverterLoader  INFO  Found 3 packages with 15 @Converter classes to load
[                          main] LazyLoadingTypeConverter       INFO  Loaded 168 core type converters (total 168 type converters)
[                          main] DefaultCamelContext            INFO  Total 0 routes, of which 0 is started.
[                          main] DefaultCamelContext            INFO  Apache Camel 2.9.0 (CamelContext: camel-1) started in 0.092 seconds
[                          main] IntegrationTest                INFO  ********************************************************************************
[                          main] IntegrationTest                INFO  Testing: testFileToFile(infoq.camel.IntegrationTest)
[                          main] IntegrationTest                INFO  ********************************************************************************
[                          main] DefaultCamelContext            INFO  Apache Camel 2.9.0 (CamelContext: camel-2) is starting
[                          main] ManagementStrategyFactory      INFO  JMX is disabled. Using DefaultManagementStrategy.
[                          main] AnnotationTypeConverterLoader  INFO  Found 3 packages with 15 @Converter classes to load
[                          main] LazyLoadingTypeConverter       INFO  Loaded 168 core type converters (total 168 type converters)
[                          main] DefaultCamelContext            INFO  Total 0 routes, of which 0 is started.
[                          main] DefaultCamelContext            INFO  Apache Camel 2.9.0 (CamelContext: camel-2) started in 0.025 seconds
[                          main] LazyLoadingTypeConverter       INFO  Loaded additional 0 type converters (total 168 type converters) in 0.013 seconds
[                          main] DefaultCamelContext            INFO  Route: route1 started and consuming from: Endpoint[file://target/inbox]
Received Order: harry potter and the deathly hollows / dvd, dj Food - kaleidoscope / cd, Xzibit - hood / cd, Claus Ibsen - Camel in Action / book
[                          main] IntegrationTest                INFO  ********************************************************************************
[                          main] IntegrationTest                INFO  Testing done: testFileToFile(infoq.camel.IntegrationTest)
[                          main] IntegrationTest                INFO  Took: 3.484 seconds (3484 millis)
[                          main] IntegrationTest                INFO  ********************************************************************************
[                          main] DefaultCamelContext            INFO  Apache Camel 2.9.0 (CamelContext: camel-2) is shutting down
[                          main] DefaultShutdownStrategy        INFO  Starting to graceful shutdown 1 routes (timeout 10 seconds)
[el-2) thread #1 - ShutdownTask] DefaultShutdownStrategy        INFO  Route: route1 shutdown complete, was consuming from: Endpoint[file://target/inbox]
[                          main] DefaultShutdownStrategy        INFO  Graceful shutdown of 1 routes completed in 0 seconds
[                          main] DefaultInflightRepository      INFO  Shutting down with no inflight exchanges.
[                          main] DefaultCamelContext            INFO  Uptime: 3.518 seconds
[                          main] DefaultCamelContext            INFO  Apache Camel 2.9.0 (CamelContext: camel-2) is shutdown in 0.008 seconds
</system-out>
  </testcase>
</testsuite>